<?xml version="1.0" encoding="UTF-8"?>
<testsuite xmlns:xsi="http://www.w3.org/2001/XMLSchema-instance" xsi:noNamespaceSchemaLocation="https://maven.apache.org/surefire/maven-surefire-plugin/xsd/surefire-test-report.xsd" version="3.0.2" name="com.apri.produser.ProduserApplicationTests" time="5.736" tests="1" errors="0" skipped="0" failures="0" flakes="0">
  <properties>
[...]
</properties>
  <testcase name="contextLoads" classname="com.apri.produser.ProduserApplicationTests" time="0.904">
    <system-out><![CDATA[14:36:05.294 [main] INFO org.springframework.test.context.support.AnnotationConfigContextLoaderUtils -- Could not detect default configuration classes for test class [com.apri.produser.ProduserApplicationTests]: ProduserApplicationTests does not declare any static, non-private, non-final, nested classes annotated with @Configuration.
14:36:05.570 [main] INFO org.springframework.boot.test.context.SpringBootTestContextBootstrapper -- Found @SpringBootConfiguration com.apri.produser.ProduserApplication for test class com.apri.produser.ProduserApplicationTests
14:36:05.785 [main] INFO org.springframework.test.context.support.AnnotationConfigContextLoaderUtils -- Could not detect default configuration classes for test class [com.apri.produser.ProduserApplicationTests]: ProduserApplicationTests does not declare any static, non-private, non-final, nested classes annotated with @Configuration.
14:36:05.787 [main] INFO org.springframework.boot.test.context.SpringBootTestContextBootstrapper -- Found @SpringBootConfiguration com.apri.produser.ProduserApplication for test class com.apri.produser.ProduserApplicationTests

  .   ____          _            __ _ _
 /\\ / ___'_ __ _ _(_)_ __  __ _ \ \ \ \
( ( )\___ | '_ | '_| | '_ \/ _` | \ \ \ \
 \\/  ___)| |_)| | | | | || (_| |  ) ) ) )
  '  |____| .__|_| |_|_| |_\__, | / / / /
 =========|_|==============|___/=/_/_/_/

 :: Spring Boot ::                (v4.0.5)

2026-04-22T14:36:06.350+07:00  INFO 11808 --- [produser] [           main] c.a.produser.ProduserApplicationTests    : Starting ProduserApplicationTests using Java 17.0.12 with PID 11808 (started by Aspire Lite 14 in D:\2026\produser)
2026-04-22T14:36:06.353+07:00  INFO 11808 --- [produser] [           main] c.a.produser.ProduserApplicationTests    : No active profile set, falling back to 1 default profile: "default"
2026-04-22T14:36:09.338+07:00  INFO 11808 --- [produser] [           main] c.a.produser.ProduserApplicationTests    : Started ProduserApplicationTests in 3.439 seconds (process running for 6.115)
]]></system-out>
  </testcase>
</testsuite>